<?xml version="1.0" encoding="UTF-8"?>
<testsuite xmlns:xsi="http://www.w3.org/2001/XMLSchema-instance" xsi:noNamespaceSchemaLocation="https://maven.apache.org/surefire/maven-surefire-plugin/xsd/surefire-test-report-3.0.xsd" version="3.0" name="com.example.BinarySearchTreeApplicationTests" time="3.051" tests="7" errors="0" skipped="0" failures="0">
  <properties>
[...]
</properties>
  <testcase name="testEnterNumbers" classname="com.example.BinarySearchTreeApplicationTests" time="0.03">
    <system-out><![CDATA[12:05:54.479 [main] DEBUG org.springframework.boot.test.context.SpringBootTestContextBootstrapper - Neither @ContextConfiguration nor @ContextHierarchy found for test class [BinarySearchTreeApplicationTests]: using SpringBootContextLoader
12:05:54.483 [main] DEBUG org.springframework.test.context.support.AbstractContextLoader - Could not detect default resource locations for test class [com.example.BinarySearchTreeApplicationTests]: no resource found for suffixes {-context.xml, Context.groovy}.
12:05:54.483 [main] INFO org.springframework.test.context.support.AnnotationConfigContextLoaderUtils - Could not detect default configuration classes for test class [com.example.BinarySearchTreeApplicationTests]: BinarySearchTreeApplicationTests does not declare any static, non-private, non-final, nested classes annotated with @Configuration.
12:05:54.506 [main] DEBUG org.springframework.boot.test.context.SpringBootTestContextBootstrapper - Using ContextCustomizers for test class [BinarySearchTreeApplicationTests]: [ExcludeFilterContextCustomizer, DuplicateJsonObjectContextCustomizer, MockitoContextCustomizer, TestRestTemplateContextCustomizer, DisableObservabilityContextCustomizer, PropertyMappingContextCustomizer, Customizer]
12:05:54.565 [main] DEBUG org.springframework.context.annotation.ClassPathScanningCandidateComponentProvider - Identified candidate component class: file [C:\Users\donov\DSA-FINAL-SPIRNT\demo\target\classes\com\example\BinarySearchTreeApplication.class]
12:05:54.566 [main] INFO org.springframework.boot.test.context.SpringBootTestContextBootstrapper - Found @SpringBootConfiguration com.example.BinarySearchTreeApplication for test class com.example.BinarySearchTreeApplicationTests
12:05:54.649 [main] DEBUG org.springframework.boot.test.context.SpringBootTestContextBootstrapper - Using TestExecutionListeners for test class [BinarySearchTreeApplicationTests]: [ServletTestExecutionListener, DirtiesContextBeforeModesTestExecutionListener, ApplicationEventsTestExecutionListener, MockitoTestExecutionListener, DependencyInjectionTestExecutionListener, DirtiesContextTestExecutionListener, TransactionalTestExecutionListener, SqlScriptsTestExecutionListener, EventPublishingTestExecutionListener, ResetMocksTestExecutionListener, RestDocsTestExecutionListener, MockRestServiceServerResetTestExecutionListener, MockMvcPrintOnlyOnFailureTestExecutionListener, WebDriverTestExecutionListener, MockWebServiceServerTestExecutionListener]
12:05:54.651 [main] DEBUG org.springframework.test.context.support.AbstractDirtiesContextTestExecutionListener - Before test class: class [BinarySearchTreeApplicationTests], class annotated with @DirtiesContext [false] with mode [null]

  .   ____          _            __ _ _
 /\\ / ___'_ __ _ _(_)_ __  __ _ \ \ \ \
( ( )\___ | '_ | '_| | '_ \/ _` | \ \ \ \
 \\/  ___)| |_)| | | | | || (_| |  ) ) ) )
  '  |____| .__|_| |_|_| |_\__, | / / / /
 =========|_|==============|___/=/_/_/_/
 :: Spring Boot ::                (v3.0.0)

2025-04-13T12:05:54.902-02:30  INFO 30740 --- [           main] c.e.BinarySearchTreeApplicationTests     : Starting BinarySearchTreeApplicationTests using Java 23.0.1 with PID 30740 (started by donov in C:\Users\donov\DSA-FINAL-SPIRNT\demo)
2025-04-13T12:05:54.903-02:30  INFO 30740 --- [           main] c.e.BinarySearchTreeApplicationTests     : No active profile set, falling back to 1 default profile: "default"
2025-04-13T12:05:55.393-02:30  INFO 30740 --- [           main] .s.d.r.c.RepositoryConfigurationDelegate : Bootstrapping Spring Data JPA repositories in DEFAULT mode.
2025-04-13T12:05:55.413-02:30  INFO 30740 --- [           main] .s.d.r.c.RepositoryConfigurationDelegate : Finished Spring Data repository scanning in 14 ms. Found 0 JPA repository interfaces.
2025-04-13T12:05:55.762-02:30  INFO 30740 --- [           main] o.hibernate.jpa.internal.util.LogHelper  : HHH000204: Processing PersistenceUnitInfo [name: default]
2025-04-13T12:05:55.807-02:30  INFO 30740 --- [           main] org.hibernate.Version                    : HHH000412: Hibernate ORM core version 6.1.5.Final
2025-04-13T12:05:55.943-02:30  WARN 30740 --- [           main] org.hibernate.orm.deprecation            : HHH90000021: Encountered deprecated setting [javax.persistence.sharedCache.mode], use [jakarta.persistence.sharedCache.mode] instead
2025-04-13T12:05:56.067-02:30  INFO 30740 --- [           main] com.zaxxer.hikari.HikariDataSource       : HikariPool-1 - Starting...
2025-04-13T12:05:56.232-02:30  INFO 30740 --- [           main] com.zaxxer.hikari.pool.HikariPool        : HikariPool-1 - Added connection conn0: url=jdbc:h2:mem:testdb user=SA
2025-04-13T12:05:56.234-02:30  INFO 30740 --- [           main] com.zaxxer.hikari.HikariDataSource       : HikariPool-1 - Start completed.
2025-04-13T12:05:56.252-02:30  INFO 30740 --- [           main] SQL dialect                              : HHH000400: Using dialect: org.hibernate.dialect.H2Dialect
2025-04-13T12:05:56.503-02:30  INFO 30740 --- [           main] o.h.e.t.j.p.i.JtaPlatformInitiator       : HHH000490: Using JtaPlatform implementation: [org.hibernate.engine.transaction.jta.platform.internal.NoJtaPlatform]
2025-04-13T12:05:56.512-02:30  INFO 30740 --- [           main] j.LocalContainerEntityManagerFactoryBean : Initialized JPA EntityManagerFactory for persistence unit 'default'
2025-04-13T12:05:56.681-02:30  WARN 30740 --- [           main] JpaBaseConfiguration$JpaWebConfiguration : spring.jpa.open-in-view is enabled by default. Therefore, database queries may be performed during view rendering. Explicitly configure spring.jpa.open-in-view to disable this warning
2025-04-13T12:05:56.835-02:30  INFO 30740 --- [           main] o.s.b.a.w.s.WelcomePageHandlerMapping    : Adding welcome page template: index
2025-04-13T12:05:56.998-02:30  INFO 30740 --- [           main] o.s.b.a.h2.H2ConsoleAutoConfiguration    : H2 console available at '/h2-console'. Database available at 'jdbc:h2:mem:testdb'
2025-04-13T12:05:57.041-02:30  INFO 30740 --- [           main] c.e.BinarySearchTreeApplicationTests     : Started BinarySearchTreeApplicationTests in 2.349 seconds (process running for 3.113)
]]></system-out>
  </testcase>
  <testcase name="testBinarySearchTreeInsert" classname="com.example.BinarySearchTreeApplicationTests" time="0.004"/>
  <testcase name="testProcessNumbers" classname="com.example.BinarySearchTreeApplicationTests" time="0.025"/>
  <testcase name="contextLoads" classname="com.example.BinarySearchTreeApplicationTests" time="0.003"/>
  <testcase name="testSaveAndFindAll" classname="com.example.BinarySearchTreeApplicationTests" time="0.004"/>
  <testcase name="testPreviousTrees" classname="com.example.BinarySearchTreeApplicationTests" time="0.004"/>
  <testcase name="testCreateBalancedTree" classname="com.example.BinarySearchTreeApplicationTests" time="0.004"/>
</testsuite>